Performing C SOURCE FILE Test CMAKE_HAVE_LIBC_PTHREAD failed with the following output:
Change Dir: /home/edgeilab/colcon_ws/src/turtlebot3_tutorial_ros2/cmake-build-debug/CMakeFiles/CMakeTmp

Run Build Command(s):/usr/bin/make cmTC_1ae23/fast && /usr/bin/make  -f CMakeFiles/cmTC_1ae23.dir/build.make CMakeFiles/cmTC_1ae23.dir/build
make[1]: 디렉터리 '/home/edgeilab/colcon_ws/src/turtlebot3_tutorial_ros2/cmake-build-debug/CMakeFiles/CMakeTmp' 들어감
Building C object CMakeFiles/cmTC_1ae23.dir/src.c.o
/usr/bin/cc -DCMAKE_HAVE_LIBC_PTHREAD   -o CMakeFiles/cmTC_1ae23.dir/src.c.o -c /home/edgeilab/colcon_ws/src/turtlebot3_tutorial_ros2/cmake-build-debug/CMakeFiles/CMakeTmp/src.c
Linking C executable cmTC_1ae23
/home/edgeilab/clion-2021.1.2/bin/cmake/linux/bin/cmake -E cmake_link_script CMakeFiles/cmTC_1ae23.dir/link.txt --verbose=1
/usr/bin/cc CMakeFiles/cmTC_1ae23.dir/src.c.o -o cmTC_1ae23 
CMakeFiles/cmTC_1ae23.dir/src.c.o: In function `main':
src.c:(.text+0x3e): undefined reference to `pthread_create'
src.c:(.text+0x4a): undefined reference to `pthread_detach'
src.c:(.text+0x56): undefined reference to `pthread_cancel'
src.c:(.text+0x67): undefined reference to `pthread_join'
src.c:(.text+0x7b): undefined reference to `pthread_atfork'
collect2: error: ld returned 1 exit status
CMakeFiles/cmTC_1ae23.dir/build.make:105: recipe for target 'cmTC_1ae23' failed
make[1]: *** [cmTC_1ae23] Error 1
make[1]: 디렉터리 '/home/edgeilab/colcon_ws/src/turtlebot3_tutorial_ros2/cmake-build-debug/CMakeFiles/CMakeTmp' 나감
Makefile:140: recipe for target 'cmTC_1ae23/fast' failed
make: *** [cmTC_1ae23/fast] Error 2


Source file was:
#include <pthread.h>

static void* test_func(void* data)
{
  return data;
}

int main(void)
{
  pthread_t thread;
  pthread_create(&thread, NULL, test_func, NULL);
  pthread_detach(thread);
  pthread_cancel(thread);
  pthread_join(thread, NULL);
  pthread_atfork(NULL, NULL, NULL);
  pthread_exit(NULL);

  return 0;
}

Determining if the function pthread_create exists in the pthreads failed with the following output:
Change Dir: /home/edgeilab/colcon_ws/src/turtlebot3_tutorial_ros2/cmake-build-debug/CMakeFiles/CMakeTmp

Run Build Command(s):/usr/bin/make cmTC_a613b/fast && /usr/bin/make  -f CMakeFiles/cmTC_a613b.dir/build.make CMakeFiles/cmTC_a613b.dir/build
make[1]: 디렉터리 '/home/edgeilab/colcon_ws/src/turtlebot3_tutorial_ros2/cmake-build-debug/CMakeFiles/CMakeTmp' 들어감
Building C object CMakeFiles/cmTC_a613b.dir/CheckFunctionExists.c.o
/usr/bin/cc   -DCHECK_FUNCTION_EXISTS=pthread_create -o CMakeFiles/cmTC_a613b.dir/CheckFunctionExists.c.o -c /home/edgeilab/clion-2021.1.2/bin/cmake/linux/share/cmake-3.19/Modules/CheckFunctionExists.c
Linking C executable cmTC_a613b
/home/edgeilab/clion-2021.1.2/bin/cmake/linux/bin/cmake -E cmake_link_script CMakeFiles/cmTC_a613b.dir/link.txt --verbose=1
/usr/bin/cc  -DCHECK_FUNCTION_EXISTS=pthread_create CMakeFiles/cmTC_a613b.dir/CheckFunctionExists.c.o -o cmTC_a613b  -lpthreads 
/usr/bin/ld: cannot find -lpthreads
collect2: error: ld returned 1 exit status
CMakeFiles/cmTC_a613b.dir/build.make:105: recipe for target 'cmTC_a613b' failed
make[1]: *** [cmTC_a613b] Error 1
make[1]: 디렉터리 '/home/edgeilab/colcon_ws/src/turtlebot3_tutorial_ros2/cmake-build-debug/CMakeFiles/CMakeTmp' 나감
Makefile:140: recipe for target 'cmTC_a613b/fast' failed
make: *** [cmTC_a613b/fast] Error 2



